{"/Users/jordandev/Desktop/dinamica-algoritmos/src/index.ts": {"path":"/Users/jordandev/Desktop/dinamica-algoritmos/src/index.ts","statementMap":{"0":{"start":{"line":13,"column":30},"end":{"line":53,"column":1}},"1":{"start":{"line":14,"column":33},"end":{"line":14,"column":35}},"2":{"start":{"line":16,"column":2},"end":{"line":50,"column":null}},"3":{"start":{"line":16,"column":15},"end":{"line":16,"column":16}},"4":{"start":{"line":17,"column":4},"end":{"line":17,"column":63}},"5":{"start":{"line":17,"column":29},"end":{"line":17,"column":63}},"6":{"start":{"line":19,"column":4},"end":{"line":25,"column":null}},"7":{"start":{"line":20,"column":26},"end":{"line":20,"column":57}},"8":{"start":{"line":21,"column":6},"end":{"line":24,"column":25}},"9":{"start":{"line":22,"column":8},"end":{"line":22,"column":71}},"10":{"start":{"line":23,"column":8},"end":{"line":23,"column":42}},"11":{"start":{"line":24,"column":13},"end":{"line":24,"column":25}},"12":{"start":{"line":27,"column":4},"end":{"line":49,"column":null}},"13":{"start":{"line":28,"column":26},"end":{"line":28,"column":57}},"14":{"start":{"line":29,"column":6},"end":{"line":48,"column":null}},"15":{"start":{"line":30,"column":8},"end":{"line":30,"column":71}},"16":{"start":{"line":31,"column":28},"end":{"line":31,"column":59}},"17":{"start":{"line":32,"column":8},"end":{"line":33,"column":25}},"18":{"start":{"line":32,"column":33},"end":{"line":32,"column":96}},"19":{"start":{"line":33,"column":13},"end":{"line":33,"column":25}},"20":{"start":{"line":34,"column":8},"end":{"line":34,"column":42}},"21":{"start":{"line":36,"column":29},"end":{"line":36,"column":85}},"22":{"start":{"line":36,"column":64},"end":{"line":36,"column":77}},"23":{"start":{"line":37,"column":8},"end":{"line":47,"column":27}},"24":{"start":{"line":38,"column":41},"end":{"line":38,"column":42}},"25":{"start":{"line":39,"column":40},"end":{"line":39,"column":42}},"26":{"start":{"line":40,"column":10},"end":{"line":44,"column":13}},"27":{"start":{"line":41,"column":12},"end":{"line":43,"column":47}},"28":{"start":{"line":42,"column":14},"end":{"line":42,"column":33}},"29":{"start":{"line":43,"column":19},"end":{"line":43,"column":47}},"30":{"start":{"line":45,"column":10},"end":{"line":45,"column":41}},"31":{"start":{"line":46,"column":10},"end":{"line":46,"column":44}},"32":{"start":{"line":47,"column":15},"end":{"line":47,"column":27}},"33":{"start":{"line":52,"column":2},"end":{"line":52,"column":14}},"34":{"start":{"line":13,"column":13},"end":{"line":13,"column":30}},"35":{"start":{"line":55,"column":20},"end":{"line":57,"column":1}},"36":{"start":{"line":56,"column":2},"end":{"line":56,"column":53}},"37":{"start":{"line":56,"column":36},"end":{"line":56,"column":51}},"38":{"start":{"line":60,"column":23},"end":{"line":63,"column":1}},"39":{"start":{"line":61,"column":2},"end":{"line":61,"column":31}},"40":{"start":{"line":62,"column":2},"end":{"line":62,"column":13}},"41":{"start":{"line":65,"column":0},"end":{"line":65,"column":42}}},"fnMap":{"0":{"name":"(anonymous_0)","decl":{"start":{"line":13,"column":30},"end":{"line":13,"column":31}},"loc":{"start":{"line":13,"column":54},"end":{"line":53,"column":1}}},"1":{"name":"(anonymous_1)","decl":{"start":{"line":36,"column":51},"end":{"line":36,"column":52}},"loc":{"start":{"line":36,"column":64},"end":{"line":36,"column":77}}},"2":{"name":"(anonymous_2)","decl":{"start":{"line":40,"column":33},"end":{"line":40,"column":34}},"loc":{"start":{"line":40,"column":45},"end":{"line":44,"column":11}}},"3":{"name":"(anonymous_3)","decl":{"start":{"line":55,"column":20},"end":{"line":55,"column":21}},"loc":{"start":{"line":55,"column":52},"end":{"line":57,"column":1}}},"4":{"name":"(anonymous_4)","decl":{"start":{"line":56,"column":23},"end":{"line":56,"column":24}},"loc":{"start":{"line":56,"column":36},"end":{"line":56,"column":51}}},"5":{"name":"(anonymous_5)","decl":{"start":{"line":60,"column":23},"end":{"line":60,"column":24}},"loc":{"start":{"line":60,"column":64},"end":{"line":63,"column":1}}}},"branchMap":{"0":{"loc":{"start":{"line":17,"column":4},"end":{"line":17,"column":63}},"type":"if","locations":[{"start":{"line":17,"column":4},"end":{"line":17,"column":63}}]},"1":{"loc":{"start":{"line":19,"column":4},"end":{"line":25,"column":null}},"type":"if","locations":[{"start":{"line":19,"column":4},"end":{"line":25,"column":null}}]},"2":{"loc":{"start":{"line":21,"column":6},"end":{"line":24,"column":25}},"type":"if","locations":[{"start":{"line":21,"column":6},"end":{"line":24,"column":25}},{"start":{"line":24,"column":13},"end":{"line":24,"column":25}}]},"3":{"loc":{"start":{"line":27,"column":4},"end":{"line":49,"column":null}},"type":"if","locations":[{"start":{"line":27,"column":4},"end":{"line":49,"column":null}}]},"4":{"loc":{"start":{"line":29,"column":6},"end":{"line":48,"column":null}},"type":"if","locations":[{"start":{"line":29,"column":6},"end":{"line":48,"column":null}},{"start":{"line":35,"column":13},"end":{"line":48,"column":null}}]},"5":{"loc":{"start":{"line":32,"column":8},"end":{"line":33,"column":25}},"type":"if","locations":[{"start":{"line":32,"column":8},"end":{"line":33,"column":25}},{"start":{"line":33,"column":13},"end":{"line":33,"column":25}}]},"6":{"loc":{"start":{"line":37,"column":8},"end":{"line":47,"column":27}},"type":"if","locations":[{"start":{"line":37,"column":8},"end":{"line":47,"column":27}},{"start":{"line":47,"column":15},"end":{"line":47,"column":27}}]},"7":{"loc":{"start":{"line":41,"column":12},"end":{"line":43,"column":47}},"type":"if","locations":[{"start":{"line":41,"column":12},"end":{"line":43,"column":47}},{"start":{"line":43,"column":19},"end":{"line":43,"column":47}}]},"8":{"loc":{"start":{"line":41,"column":16},"end":{"line":41,"column":53}},"type":"binary-expr","locations":[{"start":{"line":41,"column":16},"end":{"line":41,"column":29}},{"start":{"line":41,"column":33},"end":{"line":41,"column":53}}]}},"s":{"0":1,"1":8,"2":8,"3":8,"4":33,"5":19,"6":33,"7":6,"8":6,"9":6,"10":6,"11":0,"12":33,"13":8,"14":8,"15":3,"16":3,"17":3,"18":2,"19":1,"20":2,"21":5,"22":14,"23":5,"24":2,"25":2,"26":2,"27":10,"28":6,"29":4,"30":2,"31":2,"32":3,"33":4,"34":1,"35":1,"36":17,"37":29,"38":1,"39":11,"40":11,"41":1},"f":{"0":8,"1":14,"2":10,"3":17,"4":29,"5":11},"b":{"0":[19],"1":[6],"2":[6,0],"3":[8],"4":[3,5],"5":[2,1],"6":[2,3],"7":[6,4],"8":[10,10]}}
}
