TN:
SF:src/index.ts
FN:13,(anonymous_0)
FN:36,(anonymous_1)
FN:40,(anonymous_2)
FN:55,(anonymous_3)
FN:56,(anonymous_4)
FN:60,(anonymous_5)
FNF:6
FNH:6
FNDA:8,(anonymous_0)
FNDA:14,(anonymous_1)
FNDA:10,(anonymous_2)
FNDA:17,(anonymous_3)
FNDA:29,(anonymous_4)
FNDA:11,(anonymous_5)
DA:13,1
DA:14,8
DA:16,8
DA:17,33
DA:19,33
DA:20,6
DA:21,6
DA:22,6
DA:23,6
DA:24,0
DA:27,33
DA:28,8
DA:29,8
DA:30,3
DA:31,3
DA:32,3
DA:33,1
DA:34,2
DA:36,14
DA:37,5
DA:38,2
DA:39,2
DA:40,2
DA:41,10
DA:42,6
DA:43,4
DA:45,2
DA:46,2
DA:47,3
DA:52,4
DA:55,1
DA:56,29
DA:60,1
DA:61,11
DA:62,11
DA:65,1
LF:36
LH:35
BRDA:17,0,0,19
BRDA:19,1,0,6
BRDA:21,2,0,6
BRDA:21,2,1,0
BRDA:27,3,0,8
BRDA:29,4,0,3
BRDA:29,4,1,5
BRDA:32,5,0,2
BRDA:32,5,1,1
BRDA:37,6,0,2
BRDA:37,6,1,3
BRDA:41,7,0,6
BRDA:41,7,1,4
BRDA:41,8,0,10
BRDA:41,8,1,10
BRF:15
BRH:14
end_of_record
